<?xml version="1.0" encoding="UTF-8"?>
<!-- Generated by org.testng.reporters.JUnitReportReporter -->
<testsuite hostname="DD-G9NSMN1" name="spafinder.com.G1AlreadyMemberUSA" tests="1" failures="0" timestamp="19 Dec 2014 16:07:32 GMT" time="28.241" errors="0">
  <testcase name="g1AlreadyMemberUSA" time="28.241" classname="spafinder.com.G1AlreadyMemberUSA"/>
</testsuite> <!-- spafinder.com.G1AlreadyMemberUSA -->
