<?xml version="1.0" encoding="UTF-8"?>
<!-- Generated by org.testng.reporters.JUnitReportReporter -->
<testsuite hostname="DD-G9NSMN1" name="spafinder.co.uk.MBOusingGCinUK" tests="1" failures="0" timestamp="19 Dec 2014 16:07:32 GMT" time="97.046" errors="0">
  <testcase name="MBOusingGC_inUK" time="97.046" classname="spafinder.co.uk.MBOusingGCinUK"/>
</testsuite> <!-- spafinder.co.uk.MBOusingGCinUK -->
