<?xml version="1.0" encoding="UTF-8"?>
<!-- Generated by org.testng.reporters.JUnitReportReporter -->
<testsuite hostname="DD-G9NSMN1" name="spafinder.co.uk.G1usingGCinUK" tests="1" failures="0" timestamp="19 Dec 2014 17:24:46 GMT" time="74.701" errors="0">
  <testcase name="G1AlreadyMemberUsingGC_UK" time="74.701" classname="spafinder.co.uk.G1usingGCinUK"/>
</testsuite> <!-- spafinder.co.uk.G1usingGCinUK -->
