<?xml version="1.0" encoding="UTF-8"?>
<!-- Generated by org.testng.reporters.JUnitReportReporter -->
<testsuite hostname="DD-G9NSMN1" name="spafinder.co.uk.G1AlreadyMemberUK" tests="1" failures="0" timestamp="19 Dec 2014 16:07:32 GMT" time="114.456" errors="0">
  <testcase name="G1_UsingCCinUK" time="114.456" classname="spafinder.co.uk.G1AlreadyMemberUK"/>
</testsuite> <!-- spafinder.co.uk.G1AlreadyMemberUK -->
