<?xml version="1.0" encoding="UTF-8"?>
<!-- Generated by org.testng.reporters.JUnitReportReporter -->
<testsuite hostname="DD-G9NSMN1" name="spafinder.com.MBOusingGCinUSA" tests="1" failures="0" timestamp="19 Dec 2014 16:07:32 GMT" time="58.957" errors="0">
  <testcase name="TestMBOusingGCinUSA" time="58.957" classname="spafinder.com.MBOusingGCinUSA"/>
</testsuite> <!-- spafinder.com.MBOusingGCinUSA -->
