<?xml version="1.0" encoding="UTF-8"?>
<!-- Generated by org.testng.reporters.JUnitReportReporter -->
<testsuite hostname="DD-G9NSMN1" name="spafinder.ca.G1_ExistingUserUsingCCinCA" tests="1" failures="0" timestamp="19 Dec 2014 16:07:32 GMT" time="29.215" errors="0">
  <testcase name="G1AlradyMember_UsingCCinCA" time="29.215" classname="spafinder.ca.G1_ExistingUserUsingCCinCA"/>
</testsuite> <!-- spafinder.ca.G1_ExistingUserUsingCCinCA -->
