<?xml version="1.0" encoding="UTF-8"?>
<!-- Generated by org.testng.reporters.JUnitReportReporter -->
<testsuite hostname="DD-G9NSMN1" name="spafinder.com.MBOalreadyMemberUSA" tests="1" failures="0" timestamp="19 Dec 2014 16:07:32 GMT" time="51.735" errors="0">
  <testcase name="MBOusingCCinUSA" time="51.735" classname="spafinder.com.MBOalreadyMemberUSA"/>
</testsuite> <!-- spafinder.com.MBOalreadyMemberUSA -->
