<?xml version="1.0" encoding="UTF-8"?>
<!-- Generated by org.testng.reporters.JUnitReportReporter -->
<testsuite hostname="DD-G9NSMN1" name="spafinder.com.MyAccountPageInUSA" tests="1" failures="0" timestamp="19 Dec 2014 16:07:32 GMT" time="69.357" errors="0">
  <testcase name="myAccountTestInUsa" time="69.357" classname="spafinder.com.MyAccountPageInUSA"/>
</testsuite> <!-- spafinder.com.MyAccountPageInUSA -->
