<?xml version="1.0" encoding="UTF-8"?>
<!-- Generated by org.testng.reporters.JUnitReportReporter -->
<testsuite hostname="DD-G9NSMN1" name="spafinder.co.uk.MboMemberUK" tests="1" failures="0" timestamp="19 Dec 2014 16:07:32 GMT" time="103.796" errors="0">
  <testcase name="MBO_UserWithCC_inUK" time="103.796" classname="spafinder.co.uk.MboMemberUK"/>
</testsuite> <!-- spafinder.co.uk.MboMemberUK -->
