<?xml version="1.0" encoding="UTF-8"?>
<!-- Generated by org.testng.reporters.JUnitReportReporter -->
<testsuite hostname="DD-G9NSMN1" name="spafinder.com.MBOusingGCandCC" tests="1" failures="0" timestamp="19 Dec 2014 17:21:36 GMT" time="64.494" errors="0">
  <testcase name="MBOusing_GCandCC_inUSA" time="64.494" classname="spafinder.com.MBOusingGCandCC"/>
</testsuite> <!-- spafinder.com.MBOusingGCandCC -->
