<?xml version="1.0" encoding="UTF-8"?>
<!-- Generated by org.testng.reporters.JUnitReportReporter -->
<testsuite hostname="DD-G9NSMN1" name="spafinder.ca.MBO_ExistingUserUsingGiftCardInCA" tests="1" failures="0" timestamp="19 Dec 2014 16:07:32 GMT" time="55.802" errors="0">
  <testcase name="MBOusingGCinCATest" time="55.802" classname="spafinder.ca.MBO_ExistingUserUsingGiftCardInCA"/>
</testsuite> <!-- spafinder.ca.MBO_ExistingUserUsingGiftCardInCA -->
