<?xml version="1.0" encoding="UTF-8"?>
<!-- Generated by org.testng.reporters.JUnitReportReporter -->
<testsuite hostname="DD-G9NSMN1" name="spafinder.ca.MBO_ExistingUserUsingCCinCA" tests="1" failures="0" timestamp="19 Dec 2014 16:07:32 GMT" time="18.963" errors="0">
  <testcase name="MBOAlreadyMember_CA" time="18.963" classname="spafinder.ca.MBO_ExistingUserUsingCCinCA"/>
</testsuite> <!-- spafinder.ca.MBO_ExistingUserUsingCCinCA -->
