<?xml version="1.0" encoding="UTF-8"?>
<!-- Generated by org.testng.reporters.JUnitReportReporter -->
<testsuite hostname="DD-G9NSMN1" name="spafinder.ca.G1_ExistingUserUsingGiftCardInCA" tests="1" failures="0" timestamp="19 Dec 2014 16:07:32 GMT" time="37.521" errors="0">
  <testcase name="G1AlreadyMemUsingGCinCA" time="37.521" classname="spafinder.ca.G1_ExistingUserUsingGiftCardInCA"/>
</testsuite> <!-- spafinder.ca.G1_ExistingUserUsingGiftCardInCA -->
