<?xml version="1.0" encoding="UTF-8"?>
<!-- Generated by org.testng.reporters.JUnitReportReporter -->
<testsuite hostname="DD-G9NSMN1" name="spafinder.com.G1usingGC" tests="1" failures="0" timestamp="19 Dec 2014 16:07:32 GMT" time="45.791" errors="0">
  <testcase name="G1AlreadyMemberUsingGiftCardInUSA" time="45.791" classname="spafinder.com.G1usingGC"/>
</testsuite> <!-- spafinder.com.G1usingGC -->
