<?xml version="1.0" encoding="UTF-8"?>
<!-- Generated by org.testng.reporters.JUnitReportReporter -->
<testsuite hostname="DD-G9NSMN1" name="spafinder.co.uk.MBOusingGCandCCinUK" tests="1" failures="0" timestamp="19 Dec 2014 16:07:32 GMT" time="60.314" errors="0">
  <testcase name="MBOMemberUsingGCAandCCinUK" time="60.314" classname="spafinder.co.uk.MBOusingGCandCCinUK"/>
</testsuite> <!-- spafinder.co.uk.MBOusingGCandCCinUK -->
