<?xml version="1.0" encoding="UTF-8"?>
<!-- Generated by org.testng.reporters.JUnitReportReporter -->
<testsuite hostname="DD-G9NSMN1" name="spafinder.co.uk.MyAccountPage_InUK" tests="1" failures="0" timestamp="19 Dec 2014 16:07:32 GMT" time="59.843" errors="0">
  <testcase name="myAccountTestInUK" time="59.843" classname="spafinder.co.uk.MyAccountPage_InUK"/>
</testsuite> <!-- spafinder.co.uk.MyAccountPage_InUK -->
